22:30:56.364 [restartedMain] WARN  o.h.e.jdbc.spi.SqlExceptionHelper - SQL Error: 1062, SQLState: 23000
22:30:56.366 [restartedMain] ERROR o.h.e.jdbc.spi.SqlExceptionHelper - Duplicate entry '7-450-50-1--1-4' for key 'unique_champ_spec'
22:30:56.458 [restartedMain] ERROR o.s.boot.SpringApplication - Application startup failed
java.lang.IllegalStateException: Failed to execute CommandLineRunner
	at org.springframework.boot.SpringApplication.callRunner(SpringApplication.java:735)
	at org.springframework.boot.SpringApplication.callRunners(SpringApplication.java:716)
	at org.springframework.boot.SpringApplication.afterRefresh(SpringApplication.java:703)
	at org.springframework.boot.SpringApplication.run(SpringApplication.java:304)
	at statikk.dataminer.DataMinerApplication.main(DataMinerApplication.java:20)
	at sun.reflect.NativeMethodAccessorImpl.invoke0(Native Method)
	at sun.reflect.NativeMethodAccessorImpl.invoke(NativeMethodAccessorImpl.java:62)
	at sun.reflect.DelegatingMethodAccessorImpl.invoke(DelegatingMethodAccessorImpl.java:43)
	at java.lang.reflect.Method.invoke(Method.java:497)
	at org.springframework.boot.devtools.restart.RestartLauncher.run(RestartLauncher.java:49)
Caused by: org.springframework.dao.DataIntegrityViolationException: could not execute statement; SQL [n/a]; constraint [unique_champ_spec]; nested exception is org.hibernate.exception.ConstraintViolationException: could not execute statement
	at org.springframework.orm.jpa.vendor.HibernateJpaDialect.convertHibernateAccessException(HibernateJpaDialect.java:278)
	at org.springframework.orm.jpa.vendor.HibernateJpaDialect.translateExceptionIfPossible(HibernateJpaDialect.java:244)
	at org.springframework.orm.jpa.AbstractEntityManagerFactoryBean.translateExceptionIfPossible(AbstractEntityManagerFactoryBean.java:488)
	at org.springframework.dao.support.ChainedPersistenceExceptionTranslator.translateExceptionIfPossible(ChainedPersistenceExceptionTranslator.java:59)
	at org.springframework.dao.support.DataAccessUtils.translateIfNecessary(DataAccessUtils.java:213)
	at org.springframework.dao.support.PersistenceExceptionTranslationInterceptor.invoke(PersistenceExceptionTranslationInterceptor.java:147)
	at org.springframework.aop.framework.ReflectiveMethodInvocation.proceed(ReflectiveMethodInvocation.java:179)
	at org.springframework.data.jpa.repository.support.CrudMethodMetadataPostProcessor$CrudMethodMetadataPopulatingMethodInterceptor.invoke(CrudMethodMetadataPostProcessor.java:133)
	at org.springframework.aop.framework.ReflectiveMethodInvocation.proceed(ReflectiveMethodInvocation.java:179)
	at org.springframework.aop.interceptor.ExposeInvocationInterceptor.invoke(ExposeInvocationInterceptor.java:92)
	at org.springframework.aop.framework.ReflectiveMethodInvocation.proceed(ReflectiveMethodInvocation.java:179)
	at org.springframework.data.repository.core.support.SurroundingTransactionDetectorMethodInterceptor.invoke(SurroundingTransactionDetectorMethodInterceptor.java:57)
	at org.springframework.aop.framework.ReflectiveMethodInvocation.proceed(ReflectiveMethodInvocation.java:179)
	at org.springframework.aop.framework.JdkDynamicAopProxy.invoke(JdkDynamicAopProxy.java:213)
	at com.sun.proxy.$Proxy104.save(Unknown Source)
	at statikk.domain.service.ChampSpecService.create(ChampSpecService.java:53)
	at statikk.domain.service.ChampSpecService.findOrCreate(ChampSpecService.java:48)
	at statikk.domain.service.ChampSpecService$$FastClassBySpringCGLIB$$27d300a5.invoke(<generated>)
	at org.springframework.cglib.proxy.MethodProxy.invoke(MethodProxy.java:204)
	at org.springframework.aop.framework.CglibAopProxy$CglibMethodInvocation.invokeJoinpoint(CglibAopProxy.java:738)
	at org.springframework.aop.framework.ReflectiveMethodInvocation.proceed(ReflectiveMethodInvocation.java:157)
	at org.springframework.transaction.interceptor.TransactionInterceptor$1.proceedWithInvocation(TransactionInterceptor.java:99)
	at org.springframework.transaction.interceptor.TransactionAspectSupport.invokeWithinTransaction(TransactionAspectSupport.java:282)
	at org.springframework.transaction.interceptor.TransactionInterceptor.invoke(TransactionInterceptor.java:96)
	at org.springframework.aop.framework.ReflectiveMethodInvocation.proceed(ReflectiveMethodInvocation.java:179)
	at org.springframework.aop.framework.CglibAopProxy$DynamicAdvisedInterceptor.intercept(CglibAopProxy.java:673)
	at statikk.domain.service.ChampSpecService$$EnhancerBySpringCGLIB$$4a177b36.findOrCreate(<generated>)
	at statikk.dataminer.service.MatchAnalyzerService.lambda$loadEntities$4(MatchAnalyzerService.java:110)
	at java.util.ArrayList$ArrayListSpliterator.forEachRemaining(ArrayList.java:1374)
	at java.util.stream.ReferencePipeline$Head.forEach(ReferencePipeline.java:580)
	at statikk.dataminer.service.MatchAnalyzerService.loadEntities(MatchAnalyzerService.java:109)
	at statikk.dataminer.service.MatchAnalyzerService.analyzeMatch(MatchAnalyzerService.java:94)
	at statikk.dataminer.service.MatchAnalyzerService.analyzeMatches(MatchAnalyzerService.java:81)
	at statikk.dataminer.DataMinerApplication.run(DataMinerApplication.java:47)
	at org.springframework.boot.SpringApplication.callRunner(SpringApplication.java:732)
	... 9 common frames omitted
Caused by: org.hibernate.exception.ConstraintViolationException: could not execute statement
	at org.hibernate.exception.internal.SQLExceptionTypeDelegate.convert(SQLExceptionTypeDelegate.java:59)
	at org.hibernate.exception.internal.StandardSQLExceptionConverter.convert(StandardSQLExceptionConverter.java:42)
	at org.hibernate.engine.jdbc.spi.SqlExceptionHelper.convert(SqlExceptionHelper.java:109)
	at org.hibernate.engine.jdbc.spi.SqlExceptionHelper.convert(SqlExceptionHelper.java:95)
	at org.hibernate.engine.jdbc.internal.ResultSetReturnImpl.executeUpdate(ResultSetReturnImpl.java:207)
	at org.hibernate.dialect.identity.GetGeneratedKeysDelegate.executeAndExtract(GetGeneratedKeysDelegate.java:57)
	at org.hibernate.id.insert.AbstractReturningDelegate.performInsert(AbstractReturningDelegate.java:42)
	at org.hibernate.persister.entity.AbstractEntityPersister.insert(AbstractEntityPersister.java:2855)
	at org.hibernate.persister.entity.AbstractEntityPersister.insert(AbstractEntityPersister.java:3426)
	at org.hibernate.action.internal.EntityIdentityInsertAction.execute(EntityIdentityInsertAction.java:81)
	at org.hibernate.engine.spi.ActionQueue.execute(ActionQueue.java:619)
	at org.hibernate.engine.spi.ActionQueue.addResolvedEntityInsertAction(ActionQueue.java:273)
	at org.hibernate.engine.spi.ActionQueue.addInsertAction(ActionQueue.java:254)
	at org.hibernate.engine.spi.ActionQueue.addAction(ActionQueue.java:299)
	at org.hibernate.event.internal.AbstractSaveEventListener.addInsertAction(AbstractSaveEventListener.java:317)
	at org.hibernate.event.internal.AbstractSaveEventListener.performSaveOrReplicate(AbstractSaveEventListener.java:272)
	at org.hibernate.event.internal.AbstractSaveEventListener.performSave(AbstractSaveEventListener.java:178)
	at org.hibernate.event.internal.AbstractSaveEventListener.saveWithGeneratedId(AbstractSaveEventListener.java:109)
	at org.hibernate.jpa.event.internal.core.JpaPersistEventListener.saveWithGeneratedId(JpaPersistEventListener.java:67)
	at org.hibernate.event.internal.DefaultPersistEventListener.entityIsTransient(DefaultPersistEventListener.java:189)
	at org.hibernate.event.internal.DefaultPersistEventListener.onPersist(DefaultPersistEventListener.java:132)
	at org.hibernate.event.internal.DefaultPersistEventListener.onPersist(DefaultPersistEventListener.java:58)
	at org.hibernate.internal.SessionImpl.firePersist(SessionImpl.java:775)
	at org.hibernate.internal.SessionImpl.persist(SessionImpl.java:748)
	at org.hibernate.internal.SessionImpl.persist(SessionImpl.java:753)
	at org.hibernate.jpa.spi.AbstractEntityManagerImpl.persist(AbstractEntityManagerImpl.java:1146)
	at sun.reflect.NativeMethodAccessorImpl.invoke0(Native Method)
	at sun.reflect.NativeMethodAccessorImpl.invoke(NativeMethodAccessorImpl.java:62)
	at sun.reflect.DelegatingMethodAccessorImpl.invoke(DelegatingMethodAccessorImpl.java:43)
	at java.lang.reflect.Method.invoke(Method.java:497)
	at org.springframework.orm.jpa.SharedEntityManagerCreator$SharedEntityManagerInvocationHandler.invoke(SharedEntityManagerCreator.java:298)
	at com.sun.proxy.$Proxy91.persist(Unknown Source)
	at org.springframework.data.jpa.repository.support.SimpleJpaRepository.save(SimpleJpaRepository.java:508)
	at sun.reflect.NativeMethodAccessorImpl.invoke0(Native Method)
	at sun.reflect.NativeMethodAccessorImpl.invoke(NativeMethodAccessorImpl.java:62)
	at sun.reflect.DelegatingMethodAccessorImpl.invoke(DelegatingMethodAccessorImpl.java:43)
	at java.lang.reflect.Method.invoke(Method.java:497)
	at org.springframework.data.repository.core.support.RepositoryFactorySupport$QueryExecutorMethodInterceptor.executeMethodOn(RepositoryFactorySupport.java:504)
	at org.springframework.data.repository.core.support.RepositoryFactorySupport$QueryExecutorMethodInterceptor.doInvoke(RepositoryFactorySupport.java:489)
	at org.springframework.data.repository.core.support.RepositoryFactorySupport$QueryExecutorMethodInterceptor.invoke(RepositoryFactorySupport.java:461)
	at org.springframework.aop.framework.ReflectiveMethodInvocation.proceed(ReflectiveMethodInvocation.java:179)
	at org.springframework.data.projection.DefaultMethodInvokingMethodInterceptor.invoke(DefaultMethodInvokingMethodInterceptor.java:56)
	at org.springframework.aop.framework.ReflectiveMethodInvocation.proceed(ReflectiveMethodInvocation.java:179)
	at org.springframework.transaction.interceptor.TransactionInterceptor$1.proceedWithInvocation(TransactionInterceptor.java:99)
	at org.springframework.transaction.interceptor.TransactionAspectSupport.invokeWithinTransaction(TransactionAspectSupport.java:282)
	at org.springframework.transaction.interceptor.TransactionInterceptor.invoke(TransactionInterceptor.java:96)
	at org.springframework.aop.framework.ReflectiveMethodInvocation.proceed(ReflectiveMethodInvocation.java:179)
	at org.springframework.dao.support.PersistenceExceptionTranslationInterceptor.invoke(PersistenceExceptionTranslationInterceptor.java:136)
	... 38 common frames omitted
Caused by: com.mysql.jdbc.exceptions.jdbc4.MySQLIntegrityConstraintViolationException: Duplicate entry '7-450-50-1--1-4' for key 'unique_champ_spec'
	at sun.reflect.NativeConstructorAccessorImpl.newInstance0(Native Method)
	at sun.reflect.NativeConstructorAccessorImpl.newInstance(NativeConstructorAccessorImpl.java:62)
	at sun.reflect.DelegatingConstructorAccessorImpl.newInstance(DelegatingConstructorAccessorImpl.java:45)
	at java.lang.reflect.Constructor.newInstance(Constructor.java:422)
	at com.mysql.jdbc.Util.handleNewInstance(Util.java:425)
	at com.mysql.jdbc.Util.getInstance(Util.java:408)
	at com.mysql.jdbc.SQLError.createSQLException(SQLError.java:935)
	at com.mysql.jdbc.MysqlIO.checkErrorPacket(MysqlIO.java:3973)
	at com.mysql.jdbc.MysqlIO.checkErrorPacket(MysqlIO.java:3909)
	at com.mysql.jdbc.MysqlIO.sendCommand(MysqlIO.java:2527)
	at com.mysql.jdbc.MysqlIO.sqlQueryDirect(MysqlIO.java:2680)
	at com.mysql.jdbc.ConnectionImpl.execSQL(ConnectionImpl.java:2487)
	at com.mysql.jdbc.PreparedStatement.executeInternal(PreparedStatement.java:1858)
	at com.mysql.jdbc.PreparedStatement.executeUpdateInternal(PreparedStatement.java:2079)
	at com.mysql.jdbc.PreparedStatement.executeUpdateInternal(PreparedStatement.java:2013)
	at com.mysql.jdbc.PreparedStatement.executeLargeUpdate(PreparedStatement.java:5104)
	at com.mysql.jdbc.PreparedStatement.executeUpdate(PreparedStatement.java:1998)
	at sun.reflect.GeneratedMethodAccessor73.invoke(Unknown Source)
	at sun.reflect.DelegatingMethodAccessorImpl.invoke(DelegatingMethodAccessorImpl.java:43)
	at java.lang.reflect.Method.invoke(Method.java:497)
	at org.apache.tomcat.jdbc.pool.StatementFacade$StatementProxy.invoke(StatementFacade.java:114)
	at com.sun.proxy.$Proxy111.executeUpdate(Unknown Source)
	at org.hibernate.engine.jdbc.internal.ResultSetReturnImpl.executeUpdate(ResultSetReturnImpl.java:204)
	... 81 common frames omitted
22:40:01.261 [restartedMain] ERROR o.s.boot.SpringApplication - Application startup failed
java.lang.IllegalStateException: Failed to execute CommandLineRunner
	at org.springframework.boot.SpringApplication.callRunner(SpringApplication.java:735)
	at org.springframework.boot.SpringApplication.callRunners(SpringApplication.java:716)
	at org.springframework.boot.SpringApplication.afterRefresh(SpringApplication.java:703)
	at org.springframework.boot.SpringApplication.run(SpringApplication.java:304)
	at statikk.dataminer.DataMinerApplication.main(DataMinerApplication.java:20)
	at sun.reflect.NativeMethodAccessorImpl.invoke0(Native Method)
	at sun.reflect.NativeMethodAccessorImpl.invoke(NativeMethodAccessorImpl.java:62)
	at sun.reflect.DelegatingMethodAccessorImpl.invoke(DelegatingMethodAccessorImpl.java:43)
	at java.lang.reflect.Method.invoke(Method.java:497)
	at org.springframework.boot.devtools.restart.RestartLauncher.run(RestartLauncher.java:49)
Caused by: org.hibernate.LazyInitializationException: could not initialize proxy - no Session
	at org.hibernate.proxy.AbstractLazyInitializer.initialize(AbstractLazyInitializer.java:148)
	at org.hibernate.proxy.AbstractLazyInitializer.getImplementation(AbstractLazyInitializer.java:266)
	at org.hibernate.proxy.pojo.javassist.JavassistLazyInitializer.invoke(JavassistLazyInitializer.java:73)
	at statikk.domain.entity.LolVersion_$$_jvstf44_6.getMajorVersion(LolVersion_$$_jvstf44_6.java)
	at statikk.domain.entity.ChampSpec.hashCode(ChampSpec.java:239)
	at statikk.domain.entity.ChampSpecWinRatePK.hashCode(ChampSpecWinRatePK.java:42)
	at java.util.HashMap.hash(HashMap.java:338)
	at java.util.HashMap.containsKey(HashMap.java:595)
	at statikk.dataminer.model.LolAggregateAnalysis.addChampSpecWinRate(LolAggregateAnalysis.java:81)
	at statikk.dataminer.service.MatchAnalyzerService.analyzeChampSpecWinRates(MatchAnalyzerService.java:130)
	at statikk.dataminer.service.MatchAnalyzerService.analyzeMatch(MatchAnalyzerService.java:96)
	at statikk.dataminer.service.MatchAnalyzerService.analyzeMatches(MatchAnalyzerService.java:81)
	at statikk.dataminer.DataMinerApplication.run(DataMinerApplication.java:47)
	at org.springframework.boot.SpringApplication.callRunner(SpringApplication.java:732)
	... 9 common frames omitted
22:41:56.427 [restartedMain] ERROR o.s.boot.SpringApplication - Application startup failed
java.lang.IllegalStateException: Failed to execute CommandLineRunner
	at org.springframework.boot.SpringApplication.callRunner(SpringApplication.java:735)
	at org.springframework.boot.SpringApplication.callRunners(SpringApplication.java:716)
	at org.springframework.boot.SpringApplication.afterRefresh(SpringApplication.java:703)
	at org.springframework.boot.SpringApplication.run(SpringApplication.java:304)
	at statikk.dataminer.DataMinerApplication.main(DataMinerApplication.java:20)
	at sun.reflect.NativeMethodAccessorImpl.invoke0(Native Method)
	at sun.reflect.NativeMethodAccessorImpl.invoke(NativeMethodAccessorImpl.java:62)
	at sun.reflect.DelegatingMethodAccessorImpl.invoke(DelegatingMethodAccessorImpl.java:43)
	at java.lang.reflect.Method.invoke(Method.java:497)
	at org.springframework.boot.devtools.restart.RestartLauncher.run(RestartLauncher.java:49)
Caused by: java.lang.NullPointerException: null
	at statikk.domain.entity.ChampBan.combine(ChampBan.java:89)
	at statikk.domain.service.ChampBanService.lambda$batchInsertOrUpdate$0(ChampBanService.java:38)
	at java.util.HashMap$Values.forEach(HashMap.java:972)
	at statikk.domain.service.ChampBanService.batchInsertOrUpdate(ChampBanService.java:37)
	at statikk.domain.service.ChampBanService$$FastClassBySpringCGLIB$$1cbfe01b.invoke(<generated>)
	at org.springframework.cglib.proxy.MethodProxy.invoke(MethodProxy.java:204)
	at org.springframework.aop.framework.CglibAopProxy$CglibMethodInvocation.invokeJoinpoint(CglibAopProxy.java:738)
	at org.springframework.aop.framework.ReflectiveMethodInvocation.proceed(ReflectiveMethodInvocation.java:157)
	at org.springframework.transaction.interceptor.TransactionInterceptor$1.proceedWithInvocation(TransactionInterceptor.java:99)
	at org.springframework.transaction.interceptor.TransactionAspectSupport.invokeWithinTransaction(TransactionAspectSupport.java:282)
	at org.springframework.transaction.interceptor.TransactionInterceptor.invoke(TransactionInterceptor.java:96)
	at org.springframework.aop.framework.ReflectiveMethodInvocation.proceed(ReflectiveMethodInvocation.java:179)
	at org.springframework.aop.framework.CglibAopProxy$DynamicAdvisedInterceptor.intercept(CglibAopProxy.java:673)
	at statikk.domain.service.ChampBanService$$EnhancerBySpringCGLIB$$8319dd4e.batchInsertOrUpdate(<generated>)
	at statikk.dataminer.model.LolAggregateAnalysis.save(LolAggregateAnalysis.java:134)
	at statikk.dataminer.service.MatchAnalyzerService.analyzeMatches(MatchAnalyzerService.java:85)
	at statikk.dataminer.DataMinerApplication.run(DataMinerApplication.java:47)
	at org.springframework.boot.SpringApplication.callRunner(SpringApplication.java:732)
	... 9 common frames omitted
22:43:41.653 [restartedMain] ERROR s.d.riotapi.service.RiotApiService - Client exception fetching data from https://na1.api.riotgames.com/lol/match/v3/matchlists/by-account/49001838/recent?api_key=RGAPI-a4c01414-0204-4079-a410-7be80bd19180.
org.springframework.web.client.HttpClientErrorException: 404 Not Found
	at org.springframework.web.client.DefaultResponseErrorHandler.handleError(DefaultResponseErrorHandler.java:78)
	at org.springframework.web.client.RestTemplate.handleResponse(RestTemplate.java:700)
	at org.springframework.web.client.RestTemplate.doExecute(RestTemplate.java:653)
	at org.springframework.web.client.RestTemplate.execute(RestTemplate.java:613)
	at org.springframework.web.client.RestTemplate.exchange(RestTemplate.java:559)
	at statikk.domain.riotapi.service.RiotApiService.getRiotApiRequest(RiotApiService.java:230)
	at statikk.domain.riotapi.service.RiotApiService.getRiotApiRequest(RiotApiService.java:219)
	at statikk.domain.riotapi.service.RiotApiService.getRecentGames(RiotApiService.java:117)
	at statikk.dataminer.service.MatchMiningService.mineMatches(MatchMiningService.java:78)
	at statikk.dataminer.DataMinerApplication.run(DataMinerApplication.java:44)
	at org.springframework.boot.SpringApplication.callRunner(SpringApplication.java:732)
	at org.springframework.boot.SpringApplication.callRunners(SpringApplication.java:716)
	at org.springframework.boot.SpringApplication.afterRefresh(SpringApplication.java:703)
	at org.springframework.boot.SpringApplication.run(SpringApplication.java:304)
	at statikk.dataminer.DataMinerApplication.main(DataMinerApplication.java:20)
	at sun.reflect.NativeMethodAccessorImpl.invoke0(Native Method)
	at sun.reflect.NativeMethodAccessorImpl.invoke(NativeMethodAccessorImpl.java:62)
	at sun.reflect.DelegatingMethodAccessorImpl.invoke(DelegatingMethodAccessorImpl.java:43)
	at java.lang.reflect.Method.invoke(Method.java:497)
	at org.springframework.boot.devtools.restart.RestartLauncher.run(RestartLauncher.java:49)
22:43:42.052 [restartedMain] ERROR s.d.riotapi.service.RiotApiService - Client exception fetching data from https://na1.api.riotgames.com/lol/match/v3/matchlists/by-account/49001838/recent?api_key=RGAPI-a4c01414-0204-4079-a410-7be80bd19180.
org.springframework.web.client.HttpClientErrorException: 404 Not Found
	at org.springframework.web.client.DefaultResponseErrorHandler.handleError(DefaultResponseErrorHandler.java:78)
	at org.springframework.web.client.RestTemplate.handleResponse(RestTemplate.java:700)
	at org.springframework.web.client.RestTemplate.doExecute(RestTemplate.java:653)
	at org.springframework.web.client.RestTemplate.execute(RestTemplate.java:613)
	at org.springframework.web.client.RestTemplate.exchange(RestTemplate.java:559)
	at statikk.domain.riotapi.service.RiotApiService.getRiotApiRequest(RiotApiService.java:230)
	at statikk.domain.riotapi.service.RiotApiService.getRiotApiRequest(RiotApiService.java:254)
	at statikk.domain.riotapi.service.RiotApiService.getRiotApiRequest(RiotApiService.java:219)
	at statikk.domain.riotapi.service.RiotApiService.getRecentGames(RiotApiService.java:117)
	at statikk.dataminer.service.MatchMiningService.mineMatches(MatchMiningService.java:78)
	at statikk.dataminer.DataMinerApplication.run(DataMinerApplication.java:44)
	at org.springframework.boot.SpringApplication.callRunner(SpringApplication.java:732)
	at org.springframework.boot.SpringApplication.callRunners(SpringApplication.java:716)
	at org.springframework.boot.SpringApplication.afterRefresh(SpringApplication.java:703)
	at org.springframework.boot.SpringApplication.run(SpringApplication.java:304)
	at statikk.dataminer.DataMinerApplication.main(DataMinerApplication.java:20)
	at sun.reflect.NativeMethodAccessorImpl.invoke0(Native Method)
	at sun.reflect.NativeMethodAccessorImpl.invoke(NativeMethodAccessorImpl.java:62)
	at sun.reflect.DelegatingMethodAccessorImpl.invoke(DelegatingMethodAccessorImpl.java:43)
	at java.lang.reflect.Method.invoke(Method.java:497)
	at org.springframework.boot.devtools.restart.RestartLauncher.run(RestartLauncher.java:49)
22:43:42.450 [restartedMain] ERROR s.d.riotapi.service.RiotApiService - Client exception fetching data from https://na1.api.riotgames.com/lol/match/v3/matchlists/by-account/78872503/recent?api_key=RGAPI-a4c01414-0204-4079-a410-7be80bd19180.
org.springframework.web.client.HttpClientErrorException: 404 Not Found
	at org.springframework.web.client.DefaultResponseErrorHandler.handleError(DefaultResponseErrorHandler.java:78)
	at org.springframework.web.client.RestTemplate.handleResponse(RestTemplate.java:700)
	at org.springframework.web.client.RestTemplate.doExecute(RestTemplate.java:653)
	at org.springframework.web.client.RestTemplate.execute(RestTemplate.java:613)
	at org.springframework.web.client.RestTemplate.exchange(RestTemplate.java:559)
	at statikk.domain.riotapi.service.RiotApiService.getRiotApiRequest(RiotApiService.java:230)
	at statikk.domain.riotapi.service.RiotApiService.getRiotApiRequest(RiotApiService.java:219)
	at statikk.domain.riotapi.service.RiotApiService.getRecentGames(RiotApiService.java:117)
	at statikk.dataminer.service.MatchMiningService.mineMatches(MatchMiningService.java:78)
	at statikk.dataminer.DataMinerApplication.run(DataMinerApplication.java:44)
	at org.springframework.boot.SpringApplication.callRunner(SpringApplication.java:732)
	at org.springframework.boot.SpringApplication.callRunners(SpringApplication.java:716)
	at org.springframework.boot.SpringApplication.afterRefresh(SpringApplication.java:703)
	at org.springframework.boot.SpringApplication.run(SpringApplication.java:304)
	at statikk.dataminer.DataMinerApplication.main(DataMinerApplication.java:20)
	at sun.reflect.NativeMethodAccessorImpl.invoke0(Native Method)
	at sun.reflect.NativeMethodAccessorImpl.invoke(NativeMethodAccessorImpl.java:62)
	at sun.reflect.DelegatingMethodAccessorImpl.invoke(DelegatingMethodAccessorImpl.java:43)
	at java.lang.reflect.Method.invoke(Method.java:497)
	at org.springframework.boot.devtools.restart.RestartLauncher.run(RestartLauncher.java:49)
22:43:42.842 [restartedMain] ERROR s.d.riotapi.service.RiotApiService - Client exception fetching data from https://na1.api.riotgames.com/lol/match/v3/matchlists/by-account/78872503/recent?api_key=RGAPI-a4c01414-0204-4079-a410-7be80bd19180.
org.springframework.web.client.HttpClientErrorException: 404 Not Found
	at org.springframework.web.client.DefaultResponseErrorHandler.handleError(DefaultResponseErrorHandler.java:78)
	at org.springframework.web.client.RestTemplate.handleResponse(RestTemplate.java:700)
	at org.springframework.web.client.RestTemplate.doExecute(RestTemplate.java:653)
	at org.springframework.web.client.RestTemplate.execute(RestTemplate.java:613)
	at org.springframework.web.client.RestTemplate.exchange(RestTemplate.java:559)
	at statikk.domain.riotapi.service.RiotApiService.getRiotApiRequest(RiotApiService.java:230)
	at statikk.domain.riotapi.service.RiotApiService.getRiotApiRequest(RiotApiService.java:254)
	at statikk.domain.riotapi.service.RiotApiService.getRiotApiRequest(RiotApiService.java:219)
	at statikk.domain.riotapi.service.RiotApiService.getRecentGames(RiotApiService.java:117)
	at statikk.dataminer.service.MatchMiningService.mineMatches(MatchMiningService.java:78)
	at statikk.dataminer.DataMinerApplication.run(DataMinerApplication.java:44)
	at org.springframework.boot.SpringApplication.callRunner(SpringApplication.java:732)
	at org.springframework.boot.SpringApplication.callRunners(SpringApplication.java:716)
	at org.springframework.boot.SpringApplication.afterRefresh(SpringApplication.java:703)
	at org.springframework.boot.SpringApplication.run(SpringApplication.java:304)
	at statikk.dataminer.DataMinerApplication.main(DataMinerApplication.java:20)
	at sun.reflect.NativeMethodAccessorImpl.invoke0(Native Method)
	at sun.reflect.NativeMethodAccessorImpl.invoke(NativeMethodAccessorImpl.java:62)
	at sun.reflect.DelegatingMethodAccessorImpl.invoke(DelegatingMethodAccessorImpl.java:43)
	at java.lang.reflect.Method.invoke(Method.java:497)
	at org.springframework.boot.devtools.restart.RestartLauncher.run(RestartLauncher.java:49)
22:43:43.243 [restartedMain] ERROR s.d.riotapi.service.RiotApiService - Client exception fetching data from https://na1.api.riotgames.com/lol/match/v3/matchlists/by-account/24854065/recent?api_key=RGAPI-a4c01414-0204-4079-a410-7be80bd19180.
org.springframework.web.client.HttpClientErrorException: 404 Not Found
	at org.springframework.web.client.DefaultResponseErrorHandler.handleError(DefaultResponseErrorHandler.java:78)
	at org.springframework.web.client.RestTemplate.handleResponse(RestTemplate.java:700)
	at org.springframework.web.client.RestTemplate.doExecute(RestTemplate.java:653)
	at org.springframework.web.client.RestTemplate.execute(RestTemplate.java:613)
	at org.springframework.web.client.RestTemplate.exchange(RestTemplate.java:559)
	at statikk.domain.riotapi.service.RiotApiService.getRiotApiRequest(RiotApiService.java:230)
	at statikk.domain.riotapi.service.RiotApiService.getRiotApiRequest(RiotApiService.java:219)
	at statikk.domain.riotapi.service.RiotApiService.getRecentGames(RiotApiService.java:117)
	at statikk.dataminer.service.MatchMiningService.mineMatches(MatchMiningService.java:78)
	at statikk.dataminer.DataMinerApplication.run(DataMinerApplication.java:44)
	at org.springframework.boot.SpringApplication.callRunner(SpringApplication.java:732)
	at org.springframework.boot.SpringApplication.callRunners(SpringApplication.java:716)
	at org.springframework.boot.SpringApplication.afterRefresh(SpringApplication.java:703)
	at org.springframework.boot.SpringApplication.run(SpringApplication.java:304)
	at statikk.dataminer.DataMinerApplication.main(DataMinerApplication.java:20)
	at sun.reflect.NativeMethodAccessorImpl.invoke0(Native Method)
	at sun.reflect.NativeMethodAccessorImpl.invoke(NativeMethodAccessorImpl.java:62)
	at sun.reflect.DelegatingMethodAccessorImpl.invoke(DelegatingMethodAccessorImpl.java:43)
	at java.lang.reflect.Method.invoke(Method.java:497)
	at org.springframework.boot.devtools.restart.RestartLauncher.run(RestartLauncher.java:49)
22:43:43.636 [restartedMain] ERROR s.d.riotapi.service.RiotApiService - Client exception fetching data from https://na1.api.riotgames.com/lol/match/v3/matchlists/by-account/24854065/recent?api_key=RGAPI-a4c01414-0204-4079-a410-7be80bd19180.
org.springframework.web.client.HttpClientErrorException: 404 Not Found
	at org.springframework.web.client.DefaultResponseErrorHandler.handleError(DefaultResponseErrorHandler.java:78)
	at org.springframework.web.client.RestTemplate.handleResponse(RestTemplate.java:700)
	at org.springframework.web.client.RestTemplate.doExecute(RestTemplate.java:653)
	at org.springframework.web.client.RestTemplate.execute(RestTemplate.java:613)
	at org.springframework.web.client.RestTemplate.exchange(RestTemplate.java:559)
	at statikk.domain.riotapi.service.RiotApiService.getRiotApiRequest(RiotApiService.java:230)
	at statikk.domain.riotapi.service.RiotApiService.getRiotApiRequest(RiotApiService.java:254)
	at statikk.domain.riotapi.service.RiotApiService.getRiotApiRequest(RiotApiService.java:219)
	at statikk.domain.riotapi.service.RiotApiService.getRecentGames(RiotApiService.java:117)
	at statikk.dataminer.service.MatchMiningService.mineMatches(MatchMiningService.java:78)
	at statikk.dataminer.DataMinerApplication.run(DataMinerApplication.java:44)
	at org.springframework.boot.SpringApplication.callRunner(SpringApplication.java:732)
	at org.springframework.boot.SpringApplication.callRunners(SpringApplication.java:716)
	at org.springframework.boot.SpringApplication.afterRefresh(SpringApplication.java:703)
	at org.springframework.boot.SpringApplication.run(SpringApplication.java:304)
	at statikk.dataminer.DataMinerApplication.main(DataMinerApplication.java:20)
	at sun.reflect.NativeMethodAccessorImpl.invoke0(Native Method)
	at sun.reflect.NativeMethodAccessorImpl.invoke(NativeMethodAccessorImpl.java:62)
	at sun.reflect.DelegatingMethodAccessorImpl.invoke(DelegatingMethodAccessorImpl.java:43)
	at java.lang.reflect.Method.invoke(Method.java:497)
	at org.springframework.boot.devtools.restart.RestartLauncher.run(RestartLauncher.java:49)
22:43:44.031 [restartedMain] ERROR s.d.riotapi.service.RiotApiService - Client exception fetching data from https://na1.api.riotgames.com/lol/match/v3/matchlists/by-account/80570829/recent?api_key=RGAPI-a4c01414-0204-4079-a410-7be80bd19180.
org.springframework.web.client.HttpClientErrorException: 404 Not Found
	at org.springframework.web.client.DefaultResponseErrorHandler.handleError(DefaultResponseErrorHandler.java:78)
	at org.springframework.web.client.RestTemplate.handleResponse(RestTemplate.java:700)
	at org.springframework.web.client.RestTemplate.doExecute(RestTemplate.java:653)
	at org.springframework.web.client.RestTemplate.execute(RestTemplate.java:613)
	at org.springframework.web.client.RestTemplate.exchange(RestTemplate.java:559)
	at statikk.domain.riotapi.service.RiotApiService.getRiotApiRequest(RiotApiService.java:230)
	at statikk.domain.riotapi.service.RiotApiService.getRiotApiRequest(RiotApiService.java:219)
	at statikk.domain.riotapi.service.RiotApiService.getRecentGames(RiotApiService.java:117)
	at statikk.dataminer.service.MatchMiningService.mineMatches(MatchMiningService.java:78)
	at statikk.dataminer.DataMinerApplication.run(DataMinerApplication.java:44)
	at org.springframework.boot.SpringApplication.callRunner(SpringApplication.java:732)
	at org.springframework.boot.SpringApplication.callRunners(SpringApplication.java:716)
	at org.springframework.boot.SpringApplication.afterRefresh(SpringApplication.java:703)
	at org.springframework.boot.SpringApplication.run(SpringApplication.java:304)
	at statikk.dataminer.DataMinerApplication.main(DataMinerApplication.java:20)
	at sun.reflect.NativeMethodAccessorImpl.invoke0(Native Method)
	at sun.reflect.NativeMethodAccessorImpl.invoke(NativeMethodAccessorImpl.java:62)
	at sun.reflect.DelegatingMethodAccessorImpl.invoke(DelegatingMethodAccessorImpl.java:43)
	at java.lang.reflect.Method.invoke(Method.java:497)
	at org.springframework.boot.devtools.restart.RestartLauncher.run(RestartLauncher.java:49)
22:43:44.461 [restartedMain] ERROR s.d.riotapi.service.RiotApiService - Client exception fetching data from https://na1.api.riotgames.com/lol/match/v3/matchlists/by-account/80570829/recent?api_key=RGAPI-a4c01414-0204-4079-a410-7be80bd19180.
org.springframework.web.client.HttpClientErrorException: 404 Not Found
	at org.springframework.web.client.DefaultResponseErrorHandler.handleError(DefaultResponseErrorHandler.java:78)
	at org.springframework.web.client.RestTemplate.handleResponse(RestTemplate.java:700)
	at org.springframework.web.client.RestTemplate.doExecute(RestTemplate.java:653)
	at org.springframework.web.client.RestTemplate.execute(RestTemplate.java:613)
	at org.springframework.web.client.RestTemplate.exchange(RestTemplate.java:559)
	at statikk.domain.riotapi.service.RiotApiService.getRiotApiRequest(RiotApiService.java:230)
	at statikk.domain.riotapi.service.RiotApiService.getRiotApiRequest(RiotApiService.java:254)
	at statikk.domain.riotapi.service.RiotApiService.getRiotApiRequest(RiotApiService.java:219)
	at statikk.domain.riotapi.service.RiotApiService.getRecentGames(RiotApiService.java:117)
	at statikk.dataminer.service.MatchMiningService.mineMatches(MatchMiningService.java:78)
	at statikk.dataminer.DataMinerApplication.run(DataMinerApplication.java:44)
	at org.springframework.boot.SpringApplication.callRunner(SpringApplication.java:732)
	at org.springframework.boot.SpringApplication.callRunners(SpringApplication.java:716)
	at org.springframework.boot.SpringApplication.afterRefresh(SpringApplication.java:703)
	at org.springframework.boot.SpringApplication.run(SpringApplication.java:304)
	at statikk.dataminer.DataMinerApplication.main(DataMinerApplication.java:20)
	at sun.reflect.NativeMethodAccessorImpl.invoke0(Native Method)
	at sun.reflect.NativeMethodAccessorImpl.invoke(NativeMethodAccessorImpl.java:62)
	at sun.reflect.DelegatingMethodAccessorImpl.invoke(DelegatingMethodAccessorImpl.java:43)
	at java.lang.reflect.Method.invoke(Method.java:497)
	at org.springframework.boot.devtools.restart.RestartLauncher.run(RestartLauncher.java:49)
22:43:44.869 [restartedMain] ERROR s.d.riotapi.service.RiotApiService - Client exception fetching data from https://na1.api.riotgames.com/lol/match/v3/matchlists/by-account/36383910/recent?api_key=RGAPI-a4c01414-0204-4079-a410-7be80bd19180.
org.springframework.web.client.HttpClientErrorException: 404 Not Found
	at org.springframework.web.client.DefaultResponseErrorHandler.handleError(DefaultResponseErrorHandler.java:78)
	at org.springframework.web.client.RestTemplate.handleResponse(RestTemplate.java:700)
	at org.springframework.web.client.RestTemplate.doExecute(RestTemplate.java:653)
	at org.springframework.web.client.RestTemplate.execute(RestTemplate.java:613)
	at org.springframework.web.client.RestTemplate.exchange(RestTemplate.java:559)
	at statikk.domain.riotapi.service.RiotApiService.getRiotApiRequest(RiotApiService.java:230)
	at statikk.domain.riotapi.service.RiotApiService.getRiotApiRequest(RiotApiService.java:219)
	at statikk.domain.riotapi.service.RiotApiService.getRecentGames(RiotApiService.java:117)
	at statikk.dataminer.service.MatchMiningService.mineMatches(MatchMiningService.java:78)
	at statikk.dataminer.DataMinerApplication.run(DataMinerApplication.java:44)
	at org.springframework.boot.SpringApplication.callRunner(SpringApplication.java:732)
	at org.springframework.boot.SpringApplication.callRunners(SpringApplication.java:716)
	at org.springframework.boot.SpringApplication.afterRefresh(SpringApplication.java:703)
	at org.springframework.boot.SpringApplication.run(SpringApplication.java:304)
	at statikk.dataminer.DataMinerApplication.main(DataMinerApplication.java:20)
	at sun.reflect.NativeMethodAccessorImpl.invoke0(Native Method)
	at sun.reflect.NativeMethodAccessorImpl.invoke(NativeMethodAccessorImpl.java:62)
	at sun.reflect.DelegatingMethodAccessorImpl.invoke(DelegatingMethodAccessorImpl.java:43)
	at java.lang.reflect.Method.invoke(Method.java:497)
	at org.springframework.boot.devtools.restart.RestartLauncher.run(RestartLauncher.java:49)
22:43:45.255 [restartedMain] ERROR s.d.riotapi.service.RiotApiService - Client exception fetching data from https://na1.api.riotgames.com/lol/match/v3/matchlists/by-account/36383910/recent?api_key=RGAPI-a4c01414-0204-4079-a410-7be80bd19180.
org.springframework.web.client.HttpClientErrorException: 404 Not Found
	at org.springframework.web.client.DefaultResponseErrorHandler.handleError(DefaultResponseErrorHandler.java:78)
	at org.springframework.web.client.RestTemplate.handleResponse(RestTemplate.java:700)
	at org.springframework.web.client.RestTemplate.doExecute(RestTemplate.java:653)
	at org.springframework.web.client.RestTemplate.execute(RestTemplate.java:613)
	at org.springframework.web.client.RestTemplate.exchange(RestTemplate.java:559)
	at statikk.domain.riotapi.service.RiotApiService.getRiotApiRequest(RiotApiService.java:230)
	at statikk.domain.riotapi.service.RiotApiService.getRiotApiRequest(RiotApiService.java:254)
	at statikk.domain.riotapi.service.RiotApiService.getRiotApiRequest(RiotApiService.java:219)
	at statikk.domain.riotapi.service.RiotApiService.getRecentGames(RiotApiService.java:117)
	at statikk.dataminer.service.MatchMiningService.mineMatches(MatchMiningService.java:78)
	at statikk.dataminer.DataMinerApplication.run(DataMinerApplication.java:44)
	at org.springframework.boot.SpringApplication.callRunner(SpringApplication.java:732)
	at org.springframework.boot.SpringApplication.callRunners(SpringApplication.java:716)
	at org.springframework.boot.SpringApplication.afterRefresh(SpringApplication.java:703)
	at org.springframework.boot.SpringApplication.run(SpringApplication.java:304)
	at statikk.dataminer.DataMinerApplication.main(DataMinerApplication.java:20)
	at sun.reflect.NativeMethodAccessorImpl.invoke0(Native Method)
	at sun.reflect.NativeMethodAccessorImpl.invoke(NativeMethodAccessorImpl.java:62)
	at sun.reflect.DelegatingMethodAccessorImpl.invoke(DelegatingMethodAccessorImpl.java:43)
	at java.lang.reflect.Method.invoke(Method.java:497)
	at org.springframework.boot.devtools.restart.RestartLauncher.run(RestartLauncher.java:49)
22:43:45.676 [restartedMain] ERROR s.d.riotapi.service.RiotApiService - Client exception fetching data from https://na1.api.riotgames.com/lol/match/v3/matchlists/by-account/48176469/recent?api_key=RGAPI-a4c01414-0204-4079-a410-7be80bd19180.
org.springframework.web.client.HttpClientErrorException: 404 Not Found
	at org.springframework.web.client.DefaultResponseErrorHandler.handleError(DefaultResponseErrorHandler.java:78)
	at org.springframework.web.client.RestTemplate.handleResponse(RestTemplate.java:700)
	at org.springframework.web.client.RestTemplate.doExecute(RestTemplate.java:653)
	at org.springframework.web.client.RestTemplate.execute(RestTemplate.java:613)
	at org.springframework.web.client.RestTemplate.exchange(RestTemplate.java:559)
	at statikk.domain.riotapi.service.RiotApiService.getRiotApiRequest(RiotApiService.java:230)
	at statikk.domain.riotapi.service.RiotApiService.getRiotApiRequest(RiotApiService.java:219)
	at statikk.domain.riotapi.service.RiotApiService.getRecentGames(RiotApiService.java:117)
	at statikk.dataminer.service.MatchMiningService.mineMatches(MatchMiningService.java:78)
	at statikk.dataminer.DataMinerApplication.run(DataMinerApplication.java:44)
	at org.springframework.boot.SpringApplication.callRunner(SpringApplication.java:732)
	at org.springframework.boot.SpringApplication.callRunners(SpringApplication.java:716)
	at org.springframework.boot.SpringApplication.afterRefresh(SpringApplication.java:703)
	at org.springframework.boot.SpringApplication.run(SpringApplication.java:304)
	at statikk.dataminer.DataMinerApplication.main(DataMinerApplication.java:20)
	at sun.reflect.NativeMethodAccessorImpl.invoke0(Native Method)
	at sun.reflect.NativeMethodAccessorImpl.invoke(NativeMethodAccessorImpl.java:62)
	at sun.reflect.DelegatingMethodAccessorImpl.invoke(DelegatingMethodAccessorImpl.java:43)
	at java.lang.reflect.Method.invoke(Method.java:497)
	at org.springframework.boot.devtools.restart.RestartLauncher.run(RestartLauncher.java:49)
22:43:46.140 [restartedMain] ERROR s.d.riotapi.service.RiotApiService - Client exception fetching data from https://na1.api.riotgames.com/lol/match/v3/matchlists/by-account/48176469/recent?api_key=RGAPI-a4c01414-0204-4079-a410-7be80bd19180.
org.springframework.web.client.HttpClientErrorException: 404 Not Found
	at org.springframework.web.client.DefaultResponseErrorHandler.handleError(DefaultResponseErrorHandler.java:78)
	at org.springframework.web.client.RestTemplate.handleResponse(RestTemplate.java:700)
	at org.springframework.web.client.RestTemplate.doExecute(RestTemplate.java:653)
	at org.springframework.web.client.RestTemplate.execute(RestTemplate.java:613)
	at org.springframework.web.client.RestTemplate.exchange(RestTemplate.java:559)
	at statikk.domain.riotapi.service.RiotApiService.getRiotApiRequest(RiotApiService.java:230)
	at statikk.domain.riotapi.service.RiotApiService.getRiotApiRequest(RiotApiService.java:254)
	at statikk.domain.riotapi.service.RiotApiService.getRiotApiRequest(RiotApiService.java:219)
	at statikk.domain.riotapi.service.RiotApiService.getRecentGames(RiotApiService.java:117)
	at statikk.dataminer.service.MatchMiningService.mineMatches(MatchMiningService.java:78)
	at statikk.dataminer.DataMinerApplication.run(DataMinerApplication.java:44)
	at org.springframework.boot.SpringApplication.callRunner(SpringApplication.java:732)
	at org.springframework.boot.SpringApplication.callRunners(SpringApplication.java:716)
	at org.springframework.boot.SpringApplication.afterRefresh(SpringApplication.java:703)
	at org.springframework.boot.SpringApplication.run(SpringApplication.java:304)
	at statikk.dataminer.DataMinerApplication.main(DataMinerApplication.java:20)
	at sun.reflect.NativeMethodAccessorImpl.invoke0(Native Method)
	at sun.reflect.NativeMethodAccessorImpl.invoke(NativeMethodAccessorImpl.java:62)
	at sun.reflect.DelegatingMethodAccessorImpl.invoke(DelegatingMethodAccessorImpl.java:43)
	at java.lang.reflect.Method.invoke(Method.java:497)
	at org.springframework.boot.devtools.restart.RestartLauncher.run(RestartLauncher.java:49)
22:43:46.547 [restartedMain] ERROR s.d.riotapi.service.RiotApiService - Client exception fetching data from https://na1.api.riotgames.com/lol/match/v3/matchlists/by-account/44672180/recent?api_key=RGAPI-a4c01414-0204-4079-a410-7be80bd19180.
org.springframework.web.client.HttpClientErrorException: 404 Not Found
	at org.springframework.web.client.DefaultResponseErrorHandler.handleError(DefaultResponseErrorHandler.java:78)
	at org.springframework.web.client.RestTemplate.handleResponse(RestTemplate.java:700)
	at org.springframework.web.client.RestTemplate.doExecute(RestTemplate.java:653)
	at org.springframework.web.client.RestTemplate.execute(RestTemplate.java:613)
	at org.springframework.web.client.RestTemplate.exchange(RestTemplate.java:559)
	at statikk.domain.riotapi.service.RiotApiService.getRiotApiRequest(RiotApiService.java:230)
	at statikk.domain.riotapi.service.RiotApiService.getRiotApiRequest(RiotApiService.java:219)
	at statikk.domain.riotapi.service.RiotApiService.getRecentGames(RiotApiService.java:117)
	at statikk.dataminer.service.MatchMiningService.mineMatches(MatchMiningService.java:78)
	at statikk.dataminer.DataMinerApplication.run(DataMinerApplication.java:44)
	at org.springframework.boot.SpringApplication.callRunner(SpringApplication.java:732)
	at org.springframework.boot.SpringApplication.callRunners(SpringApplication.java:716)
	at org.springframework.boot.SpringApplication.afterRefresh(SpringApplication.java:703)
	at org.springframework.boot.SpringApplication.run(SpringApplication.java:304)
	at statikk.dataminer.DataMinerApplication.main(DataMinerApplication.java:20)
	at sun.reflect.NativeMethodAccessorImpl.invoke0(Native Method)
	at sun.reflect.NativeMethodAccessorImpl.invoke(NativeMethodAccessorImpl.java:62)
	at sun.reflect.DelegatingMethodAccessorImpl.invoke(DelegatingMethodAccessorImpl.java:43)
	at java.lang.reflect.Method.invoke(Method.java:497)
	at org.springframework.boot.devtools.restart.RestartLauncher.run(RestartLauncher.java:49)
22:43:46.934 [restartedMain] ERROR s.d.riotapi.service.RiotApiService - Client exception fetching data from https://na1.api.riotgames.com/lol/match/v3/matchlists/by-account/44672180/recent?api_key=RGAPI-a4c01414-0204-4079-a410-7be80bd19180.
org.springframework.web.client.HttpClientErrorException: 404 Not Found
	at org.springframework.web.client.DefaultResponseErrorHandler.handleError(DefaultResponseErrorHandler.java:78)
	at org.springframework.web.client.RestTemplate.handleResponse(RestTemplate.java:700)
	at org.springframework.web.client.RestTemplate.doExecute(RestTemplate.java:653)
	at org.springframework.web.client.RestTemplate.execute(RestTemplate.java:613)
	at org.springframework.web.client.RestTemplate.exchange(RestTemplate.java:559)
	at statikk.domain.riotapi.service.RiotApiService.getRiotApiRequest(RiotApiService.java:230)
	at statikk.domain.riotapi.service.RiotApiService.getRiotApiRequest(RiotApiService.java:254)
	at statikk.domain.riotapi.service.RiotApiService.getRiotApiRequest(RiotApiService.java:219)
	at statikk.domain.riotapi.service.RiotApiService.getRecentGames(RiotApiService.java:117)
	at statikk.dataminer.service.MatchMiningService.mineMatches(MatchMiningService.java:78)
	at statikk.dataminer.DataMinerApplication.run(DataMinerApplication.java:44)
	at org.springframework.boot.SpringApplication.callRunner(SpringApplication.java:732)
	at org.springframework.boot.SpringApplication.callRunners(SpringApplication.java:716)
	at org.springframework.boot.SpringApplication.afterRefresh(SpringApplication.java:703)
	at org.springframework.boot.SpringApplication.run(SpringApplication.java:304)
	at statikk.dataminer.DataMinerApplication.main(DataMinerApplication.java:20)
	at sun.reflect.NativeMethodAccessorImpl.invoke0(Native Method)
	at sun.reflect.NativeMethodAccessorImpl.invoke(NativeMethodAccessorImpl.java:62)
	at sun.reflect.DelegatingMethodAccessorImpl.invoke(DelegatingMethodAccessorImpl.java:43)
	at java.lang.reflect.Method.invoke(Method.java:497)
	at org.springframework.boot.devtools.restart.RestartLauncher.run(RestartLauncher.java:49)
22:43:47.327 [restartedMain] ERROR s.d.riotapi.service.RiotApiService - Client exception fetching data from https://na1.api.riotgames.com/lol/match/v3/matchlists/by-account/22818838/recent?api_key=RGAPI-a4c01414-0204-4079-a410-7be80bd19180.
org.springframework.web.client.HttpClientErrorException: 404 Not Found
	at org.springframework.web.client.DefaultResponseErrorHandler.handleError(DefaultResponseErrorHandler.java:78)
	at org.springframework.web.client.RestTemplate.handleResponse(RestTemplate.java:700)
	at org.springframework.web.client.RestTemplate.doExecute(RestTemplate.java:653)
	at org.springframework.web.client.RestTemplate.execute(RestTemplate.java:613)
	at org.springframework.web.client.RestTemplate.exchange(RestTemplate.java:559)
	at statikk.domain.riotapi.service.RiotApiService.getRiotApiRequest(RiotApiService.java:230)
	at statikk.domain.riotapi.service.RiotApiService.getRiotApiRequest(RiotApiService.java:219)
	at statikk.domain.riotapi.service.RiotApiService.getRecentGames(RiotApiService.java:117)
	at statikk.dataminer.service.MatchMiningService.mineMatches(MatchMiningService.java:78)
	at statikk.dataminer.DataMinerApplication.run(DataMinerApplication.java:44)
	at org.springframework.boot.SpringApplication.callRunner(SpringApplication.java:732)
	at org.springframework.boot.SpringApplication.callRunners(SpringApplication.java:716)
	at org.springframework.boot.SpringApplication.afterRefresh(SpringApplication.java:703)
	at org.springframework.boot.SpringApplication.run(SpringApplication.java:304)
	at statikk.dataminer.DataMinerApplication.main(DataMinerApplication.java:20)
	at sun.reflect.NativeMethodAccessorImpl.invoke0(Native Method)
	at sun.reflect.NativeMethodAccessorImpl.invoke(NativeMethodAccessorImpl.java:62)
	at sun.reflect.DelegatingMethodAccessorImpl.invoke(DelegatingMethodAccessorImpl.java:43)
	at java.lang.reflect.Method.invoke(Method.java:497)
	at org.springframework.boot.devtools.restart.RestartLauncher.run(RestartLauncher.java:49)
22:43:47.713 [restartedMain] ERROR s.d.riotapi.service.RiotApiService - Client exception fetching data from https://na1.api.riotgames.com/lol/match/v3/matchlists/by-account/22818838/recent?api_key=RGAPI-a4c01414-0204-4079-a410-7be80bd19180.
org.springframework.web.client.HttpClientErrorException: 404 Not Found
	at org.springframework.web.client.DefaultResponseErrorHandler.handleError(DefaultResponseErrorHandler.java:78)
	at org.springframework.web.client.RestTemplate.handleResponse(RestTemplate.java:700)
	at org.springframework.web.client.RestTemplate.doExecute(RestTemplate.java:653)
	at org.springframework.web.client.RestTemplate.execute(RestTemplate.java:613)
	at org.springframework.web.client.RestTemplate.exchange(RestTemplate.java:559)
	at statikk.domain.riotapi.service.RiotApiService.getRiotApiRequest(RiotApiService.java:230)
	at statikk.domain.riotapi.service.RiotApiService.getRiotApiRequest(RiotApiService.java:254)
	at statikk.domain.riotapi.service.RiotApiService.getRiotApiRequest(RiotApiService.java:219)
	at statikk.domain.riotapi.service.RiotApiService.getRecentGames(RiotApiService.java:117)
	at statikk.dataminer.service.MatchMiningService.mineMatches(MatchMiningService.java:78)
	at statikk.dataminer.DataMinerApplication.run(DataMinerApplication.java:44)
	at org.springframework.boot.SpringApplication.callRunner(SpringApplication.java:732)
	at org.springframework.boot.SpringApplication.callRunners(SpringApplication.java:716)
	at org.springframework.boot.SpringApplication.afterRefresh(SpringApplication.java:703)
	at org.springframework.boot.SpringApplication.run(SpringApplication.java:304)
	at statikk.dataminer.DataMinerApplication.main(DataMinerApplication.java:20)
	at sun.reflect.NativeMethodAccessorImpl.invoke0(Native Method)
	at sun.reflect.NativeMethodAccessorImpl.invoke(NativeMethodAccessorImpl.java:62)
	at sun.reflect.DelegatingMethodAccessorImpl.invoke(DelegatingMethodAccessorImpl.java:43)
	at java.lang.reflect.Method.invoke(Method.java:497)
	at org.springframework.boot.devtools.restart.RestartLauncher.run(RestartLauncher.java:49)
22:43:48.106 [restartedMain] ERROR s.d.riotapi.service.RiotApiService - Client exception fetching data from https://na1.api.riotgames.com/lol/match/v3/matchlists/by-account/34501512/recent?api_key=RGAPI-a4c01414-0204-4079-a410-7be80bd19180.
org.springframework.web.client.HttpClientErrorException: 404 Not Found
	at org.springframework.web.client.DefaultResponseErrorHandler.handleError(DefaultResponseErrorHandler.java:78)
	at org.springframework.web.client.RestTemplate.handleResponse(RestTemplate.java:700)
	at org.springframework.web.client.RestTemplate.doExecute(RestTemplate.java:653)
	at org.springframework.web.client.RestTemplate.execute(RestTemplate.java:613)
	at org.springframework.web.client.RestTemplate.exchange(RestTemplate.java:559)
	at statikk.domain.riotapi.service.RiotApiService.getRiotApiRequest(RiotApiService.java:230)
	at statikk.domain.riotapi.service.RiotApiService.getRiotApiRequest(RiotApiService.java:219)
	at statikk.domain.riotapi.service.RiotApiService.getRecentGames(RiotApiService.java:117)
	at statikk.dataminer.service.MatchMiningService.mineMatches(MatchMiningService.java:78)
	at statikk.dataminer.DataMinerApplication.run(DataMinerApplication.java:44)
	at org.springframework.boot.SpringApplication.callRunner(SpringApplication.java:732)
	at org.springframework.boot.SpringApplication.callRunners(SpringApplication.java:716)
	at org.springframework.boot.SpringApplication.afterRefresh(SpringApplication.java:703)
	at org.springframework.boot.SpringApplication.run(SpringApplication.java:304)
	at statikk.dataminer.DataMinerApplication.main(DataMinerApplication.java:20)
	at sun.reflect.NativeMethodAccessorImpl.invoke0(Native Method)
	at sun.reflect.NativeMethodAccessorImpl.invoke(NativeMethodAccessorImpl.java:62)
	at sun.reflect.DelegatingMethodAccessorImpl.invoke(DelegatingMethodAccessorImpl.java:43)
	at java.lang.reflect.Method.invoke(Method.java:497)
	at org.springframework.boot.devtools.restart.RestartLauncher.run(RestartLauncher.java:49)
22:43:48.491 [restartedMain] ERROR s.d.riotapi.service.RiotApiService - Client exception fetching data from https://na1.api.riotgames.com/lol/match/v3/matchlists/by-account/34501512/recent?api_key=RGAPI-a4c01414-0204-4079-a410-7be80bd19180.
org.springframework.web.client.HttpClientErrorException: 404 Not Found
	at org.springframework.web.client.DefaultResponseErrorHandler.handleError(DefaultResponseErrorHandler.java:78)
	at org.springframework.web.client.RestTemplate.handleResponse(RestTemplate.java:700)
	at org.springframework.web.client.RestTemplate.doExecute(RestTemplate.java:653)
	at org.springframework.web.client.RestTemplate.execute(RestTemplate.java:613)
	at org.springframework.web.client.RestTemplate.exchange(RestTemplate.java:559)
	at statikk.domain.riotapi.service.RiotApiService.getRiotApiRequest(RiotApiService.java:230)
	at statikk.domain.riotapi.service.RiotApiService.getRiotApiRequest(RiotApiService.java:254)
	at statikk.domain.riotapi.service.RiotApiService.getRiotApiRequest(RiotApiService.java:219)
	at statikk.domain.riotapi.service.RiotApiService.getRecentGames(RiotApiService.java:117)
	at statikk.dataminer.service.MatchMiningService.mineMatches(MatchMiningService.java:78)
	at statikk.dataminer.DataMinerApplication.run(DataMinerApplication.java:44)
	at org.springframework.boot.SpringApplication.callRunner(SpringApplication.java:732)
	at org.springframework.boot.SpringApplication.callRunners(SpringApplication.java:716)
	at org.springframework.boot.SpringApplication.afterRefresh(SpringApplication.java:703)
	at org.springframework.boot.SpringApplication.run(SpringApplication.java:304)
	at statikk.dataminer.DataMinerApplication.main(DataMinerApplication.java:20)
	at sun.reflect.NativeMethodAccessorImpl.invoke0(Native Method)
	at sun.reflect.NativeMethodAccessorImpl.invoke(NativeMethodAccessorImpl.java:62)
	at sun.reflect.DelegatingMethodAccessorImpl.invoke(DelegatingMethodAccessorImpl.java:43)
	at java.lang.reflect.Method.invoke(Method.java:497)
	at org.springframework.boot.devtools.restart.RestartLauncher.run(RestartLauncher.java:49)
22:43:48.886 [restartedMain] ERROR s.d.riotapi.service.RiotApiService - Client exception fetching data from https://na1.api.riotgames.com/lol/match/v3/matchlists/by-account/53310034/recent?api_key=RGAPI-a4c01414-0204-4079-a410-7be80bd19180.
org.springframework.web.client.HttpClientErrorException: 404 Not Found
	at org.springframework.web.client.DefaultResponseErrorHandler.handleError(DefaultResponseErrorHandler.java:78)
	at org.springframework.web.client.RestTemplate.handleResponse(RestTemplate.java:700)
	at org.springframework.web.client.RestTemplate.doExecute(RestTemplate.java:653)
	at org.springframework.web.client.RestTemplate.execute(RestTemplate.java:613)
	at org.springframework.web.client.RestTemplate.exchange(RestTemplate.java:559)
	at statikk.domain.riotapi.service.RiotApiService.getRiotApiRequest(RiotApiService.java:230)
	at statikk.domain.riotapi.service.RiotApiService.getRiotApiRequest(RiotApiService.java:219)
	at statikk.domain.riotapi.service.RiotApiService.getRecentGames(RiotApiService.java:117)
	at statikk.dataminer.service.MatchMiningService.mineMatches(MatchMiningService.java:78)
	at statikk.dataminer.DataMinerApplication.run(DataMinerApplication.java:44)
	at org.springframework.boot.SpringApplication.callRunner(SpringApplication.java:732)
	at org.springframework.boot.SpringApplication.callRunners(SpringApplication.java:716)
	at org.springframework.boot.SpringApplication.afterRefresh(SpringApplication.java:703)
	at org.springframework.boot.SpringApplication.run(SpringApplication.java:304)
	at statikk.dataminer.DataMinerApplication.main(DataMinerApplication.java:20)
	at sun.reflect.NativeMethodAccessorImpl.invoke0(Native Method)
	at sun.reflect.NativeMethodAccessorImpl.invoke(NativeMethodAccessorImpl.java:62)
	at sun.reflect.DelegatingMethodAccessorImpl.invoke(DelegatingMethodAccessorImpl.java:43)
	at java.lang.reflect.Method.invoke(Method.java:497)
	at org.springframework.boot.devtools.restart.RestartLauncher.run(RestartLauncher.java:49)
22:43:49.284 [restartedMain] ERROR s.d.riotapi.service.RiotApiService - Client exception fetching data from https://na1.api.riotgames.com/lol/match/v3/matchlists/by-account/53310034/recent?api_key=RGAPI-a4c01414-0204-4079-a410-7be80bd19180.
org.springframework.web.client.HttpClientErrorException: 404 Not Found
	at org.springframework.web.client.DefaultResponseErrorHandler.handleError(DefaultResponseErrorHandler.java:78)
	at org.springframework.web.client.RestTemplate.handleResponse(RestTemplate.java:700)
	at org.springframework.web.client.RestTemplate.doExecute(RestTemplate.java:653)
	at org.springframework.web.client.RestTemplate.execute(RestTemplate.java:613)
	at org.springframework.web.client.RestTemplate.exchange(RestTemplate.java:559)
	at statikk.domain.riotapi.service.RiotApiService.getRiotApiRequest(RiotApiService.java:230)
	at statikk.domain.riotapi.service.RiotApiService.getRiotApiRequest(RiotApiService.java:254)
	at statikk.domain.riotapi.service.RiotApiService.getRiotApiRequest(RiotApiService.java:219)
	at statikk.domain.riotapi.service.RiotApiService.getRecentGames(RiotApiService.java:117)
	at statikk.dataminer.service.MatchMiningService.mineMatches(MatchMiningService.java:78)
	at statikk.dataminer.DataMinerApplication.run(DataMinerApplication.java:44)
	at org.springframework.boot.SpringApplication.callRunner(SpringApplication.java:732)
	at org.springframework.boot.SpringApplication.callRunners(SpringApplication.java:716)
	at org.springframework.boot.SpringApplication.afterRefresh(SpringApplication.java:703)
	at org.springframework.boot.SpringApplication.run(SpringApplication.java:304)
	at statikk.dataminer.DataMinerApplication.main(DataMinerApplication.java:20)
	at sun.reflect.NativeMethodAccessorImpl.invoke0(Native Method)
	at sun.reflect.NativeMethodAccessorImpl.invoke(NativeMethodAccessorImpl.java:62)
	at sun.reflect.DelegatingMethodAccessorImpl.invoke(DelegatingMethodAccessorImpl.java:43)
	at java.lang.reflect.Method.invoke(Method.java:497)
	at org.springframework.boot.devtools.restart.RestartLauncher.run(RestartLauncher.java:49)
22:43:49.763 [restartedMain] ERROR s.d.riotapi.service.RiotApiService - Client exception fetching data from https://na1.api.riotgames.com/lol/match/v3/matchlists/by-account/24610260/recent?api_key=RGAPI-a4c01414-0204-4079-a410-7be80bd19180.
org.springframework.web.client.HttpClientErrorException: 404 Not Found
	at org.springframework.web.client.DefaultResponseErrorHandler.handleError(DefaultResponseErrorHandler.java:78)
	at org.springframework.web.client.RestTemplate.handleResponse(RestTemplate.java:700)
	at org.springframework.web.client.RestTemplate.doExecute(RestTemplate.java:653)
	at org.springframework.web.client.RestTemplate.execute(RestTemplate.java:613)
	at org.springframework.web.client.RestTemplate.exchange(RestTemplate.java:559)
	at statikk.domain.riotapi.service.RiotApiService.getRiotApiRequest(RiotApiService.java:230)
	at statikk.domain.riotapi.service.RiotApiService.getRiotApiRequest(RiotApiService.java:219)
	at statikk.domain.riotapi.service.RiotApiService.getRecentGames(RiotApiService.java:117)
	at statikk.dataminer.service.MatchMiningService.mineMatches(MatchMiningService.java:78)
	at statikk.dataminer.DataMinerApplication.run(DataMinerApplication.java:44)
	at org.springframework.boot.SpringApplication.callRunner(SpringApplication.java:732)
	at org.springframework.boot.SpringApplication.callRunners(SpringApplication.java:716)
	at org.springframework.boot.SpringApplication.afterRefresh(SpringApplication.java:703)
	at org.springframework.boot.SpringApplication.run(SpringApplication.java:304)
	at statikk.dataminer.DataMinerApplication.main(DataMinerApplication.java:20)
	at sun.reflect.NativeMethodAccessorImpl.invoke0(Native Method)
	at sun.reflect.NativeMethodAccessorImpl.invoke(NativeMethodAccessorImpl.java:62)
	at sun.reflect.DelegatingMethodAccessorImpl.invoke(DelegatingMethodAccessorImpl.java:43)
	at java.lang.reflect.Method.invoke(Method.java:497)
	at org.springframework.boot.devtools.restart.RestartLauncher.run(RestartLauncher.java:49)
22:43:50.166 [restartedMain] ERROR s.d.riotapi.service.RiotApiService - Client exception fetching data from https://na1.api.riotgames.com/lol/match/v3/matchlists/by-account/24610260/recent?api_key=RGAPI-a4c01414-0204-4079-a410-7be80bd19180.
org.springframework.web.client.HttpClientErrorException: 404 Not Found
	at org.springframework.web.client.DefaultResponseErrorHandler.handleError(DefaultResponseErrorHandler.java:78)
	at org.springframework.web.client.RestTemplate.handleResponse(RestTemplate.java:700)
	at org.springframework.web.client.RestTemplate.doExecute(RestTemplate.java:653)
	at org.springframework.web.client.RestTemplate.execute(RestTemplate.java:613)
	at org.springframework.web.client.RestTemplate.exchange(RestTemplate.java:559)
	at statikk.domain.riotapi.service.RiotApiService.getRiotApiRequest(RiotApiService.java:230)
	at statikk.domain.riotapi.service.RiotApiService.getRiotApiRequest(RiotApiService.java:254)
	at statikk.domain.riotapi.service.RiotApiService.getRiotApiRequest(RiotApiService.java:219)
	at statikk.domain.riotapi.service.RiotApiService.getRecentGames(RiotApiService.java:117)
	at statikk.dataminer.service.MatchMiningService.mineMatches(MatchMiningService.java:78)
	at statikk.dataminer.DataMinerApplication.run(DataMinerApplication.java:44)
	at org.springframework.boot.SpringApplication.callRunner(SpringApplication.java:732)
	at org.springframework.boot.SpringApplication.callRunners(SpringApplication.java:716)
	at org.springframework.boot.SpringApplication.afterRefresh(SpringApplication.java:703)
	at org.springframework.boot.SpringApplication.run(SpringApplication.java:304)
	at statikk.dataminer.DataMinerApplication.main(DataMinerApplication.java:20)
	at sun.reflect.NativeMethodAccessorImpl.invoke0(Native Method)
	at sun.reflect.NativeMethodAccessorImpl.invoke(NativeMethodAccessorImpl.java:62)
	at sun.reflect.DelegatingMethodAccessorImpl.invoke(DelegatingMethodAccessorImpl.java:43)
	at java.lang.reflect.Method.invoke(Method.java:497)
	at org.springframework.boot.devtools.restart.RestartLauncher.run(RestartLauncher.java:49)
22:44:01.223 [restartedMain] ERROR s.d.riotapi.service.RiotApiService - Client exception fetching data from https://na1.api.riotgames.com/lol/match/v3/matchlists/by-account/26840673/recent?api_key=RGAPI-a4c01414-0204-4079-a410-7be80bd19180.
org.springframework.web.client.HttpClientErrorException: 404 Not Found
	at org.springframework.web.client.DefaultResponseErrorHandler.handleError(DefaultResponseErrorHandler.java:78)
	at org.springframework.web.client.RestTemplate.handleResponse(RestTemplate.java:700)
	at org.springframework.web.client.RestTemplate.doExecute(RestTemplate.java:653)
	at org.springframework.web.client.RestTemplate.execute(RestTemplate.java:613)
	at org.springframework.web.client.RestTemplate.exchange(RestTemplate.java:559)
	at statikk.domain.riotapi.service.RiotApiService.getRiotApiRequest(RiotApiService.java:230)
	at statikk.domain.riotapi.service.RiotApiService.getRiotApiRequest(RiotApiService.java:219)
	at statikk.domain.riotapi.service.RiotApiService.getRecentGames(RiotApiService.java:117)
	at statikk.dataminer.service.MatchMiningService.mineMatches(MatchMiningService.java:78)
	at statikk.dataminer.DataMinerApplication.run(DataMinerApplication.java:44)
	at org.springframework.boot.SpringApplication.callRunner(SpringApplication.java:732)
	at org.springframework.boot.SpringApplication.callRunners(SpringApplication.java:716)
	at org.springframework.boot.SpringApplication.afterRefresh(SpringApplication.java:703)
	at org.springframework.boot.SpringApplication.run(SpringApplication.java:304)
	at statikk.dataminer.DataMinerApplication.main(DataMinerApplication.java:20)
	at sun.reflect.NativeMethodAccessorImpl.invoke0(Native Method)
	at sun.reflect.NativeMethodAccessorImpl.invoke(NativeMethodAccessorImpl.java:62)
	at sun.reflect.DelegatingMethodAccessorImpl.invoke(DelegatingMethodAccessorImpl.java:43)
	at java.lang.reflect.Method.invoke(Method.java:497)
	at org.springframework.boot.devtools.restart.RestartLauncher.run(RestartLauncher.java:49)
22:44:01.618 [restartedMain] ERROR s.d.riotapi.service.RiotApiService - Client exception fetching data from https://na1.api.riotgames.com/lol/match/v3/matchlists/by-account/26840673/recent?api_key=RGAPI-a4c01414-0204-4079-a410-7be80bd19180.
org.springframework.web.client.HttpClientErrorException: 404 Not Found
	at org.springframework.web.client.DefaultResponseErrorHandler.handleError(DefaultResponseErrorHandler.java:78)
	at org.springframework.web.client.RestTemplate.handleResponse(RestTemplate.java:700)
	at org.springframework.web.client.RestTemplate.doExecute(RestTemplate.java:653)
	at org.springframework.web.client.RestTemplate.execute(RestTemplate.java:613)
	at org.springframework.web.client.RestTemplate.exchange(RestTemplate.java:559)
	at statikk.domain.riotapi.service.RiotApiService.getRiotApiRequest(RiotApiService.java:230)
	at statikk.domain.riotapi.service.RiotApiService.getRiotApiRequest(RiotApiService.java:254)
	at statikk.domain.riotapi.service.RiotApiService.getRiotApiRequest(RiotApiService.java:219)
	at statikk.domain.riotapi.service.RiotApiService.getRecentGames(RiotApiService.java:117)
	at statikk.dataminer.service.MatchMiningService.mineMatches(MatchMiningService.java:78)
	at statikk.dataminer.DataMinerApplication.run(DataMinerApplication.java:44)
	at org.springframework.boot.SpringApplication.callRunner(SpringApplication.java:732)
	at org.springframework.boot.SpringApplication.callRunners(SpringApplication.java:716)
	at org.springframework.boot.SpringApplication.afterRefresh(SpringApplication.java:703)
	at org.springframework.boot.SpringApplication.run(SpringApplication.java:304)
	at statikk.dataminer.DataMinerApplication.main(DataMinerApplication.java:20)
	at sun.reflect.NativeMethodAccessorImpl.invoke0(Native Method)
	at sun.reflect.NativeMethodAccessorImpl.invoke(NativeMethodAccessorImpl.java:62)
	at sun.reflect.DelegatingMethodAccessorImpl.invoke(DelegatingMethodAccessorImpl.java:43)
	at java.lang.reflect.Method.invoke(Method.java:497)
	at org.springframework.boot.devtools.restart.RestartLauncher.run(RestartLauncher.java:49)
22:44:02.015 [restartedMain] ERROR s.d.riotapi.service.RiotApiService - Client exception fetching data from https://na1.api.riotgames.com/lol/match/v3/matchlists/by-account/40908097/recent?api_key=RGAPI-a4c01414-0204-4079-a410-7be80bd19180.
org.springframework.web.client.HttpClientErrorException: 404 Not Found
	at org.springframework.web.client.DefaultResponseErrorHandler.handleError(DefaultResponseErrorHandler.java:78)
	at org.springframework.web.client.RestTemplate.handleResponse(RestTemplate.java:700)
	at org.springframework.web.client.RestTemplate.doExecute(RestTemplate.java:653)
	at org.springframework.web.client.RestTemplate.execute(RestTemplate.java:613)
	at org.springframework.web.client.RestTemplate.exchange(RestTemplate.java:559)
	at statikk.domain.riotapi.service.RiotApiService.getRiotApiRequest(RiotApiService.java:230)
	at statikk.domain.riotapi.service.RiotApiService.getRiotApiRequest(RiotApiService.java:219)
	at statikk.domain.riotapi.service.RiotApiService.getRecentGames(RiotApiService.java:117)
	at statikk.dataminer.service.MatchMiningService.mineMatches(MatchMiningService.java:78)
	at statikk.dataminer.DataMinerApplication.run(DataMinerApplication.java:44)
	at org.springframework.boot.SpringApplication.callRunner(SpringApplication.java:732)
	at org.springframework.boot.SpringApplication.callRunners(SpringApplication.java:716)
	at org.springframework.boot.SpringApplication.afterRefresh(SpringApplication.java:703)
	at org.springframework.boot.SpringApplication.run(SpringApplication.java:304)
	at statikk.dataminer.DataMinerApplication.main(DataMinerApplication.java:20)
	at sun.reflect.NativeMethodAccessorImpl.invoke0(Native Method)
	at sun.reflect.NativeMethodAccessorImpl.invoke(NativeMethodAccessorImpl.java:62)
	at sun.reflect.DelegatingMethodAccessorImpl.invoke(DelegatingMethodAccessorImpl.java:43)
	at java.lang.reflect.Method.invoke(Method.java:497)
	at org.springframework.boot.devtools.restart.RestartLauncher.run(RestartLauncher.java:49)
22:44:02.405 [restartedMain] ERROR s.d.riotapi.service.RiotApiService - Client exception fetching data from https://na1.api.riotgames.com/lol/match/v3/matchlists/by-account/40908097/recent?api_key=RGAPI-a4c01414-0204-4079-a410-7be80bd19180.
org.springframework.web.client.HttpClientErrorException: 404 Not Found
	at org.springframework.web.client.DefaultResponseErrorHandler.handleError(DefaultResponseErrorHandler.java:78)
	at org.springframework.web.client.RestTemplate.handleResponse(RestTemplate.java:700)
	at org.springframework.web.client.RestTemplate.doExecute(RestTemplate.java:653)
	at org.springframework.web.client.RestTemplate.execute(RestTemplate.java:613)
	at org.springframework.web.client.RestTemplate.exchange(RestTemplate.java:559)
	at statikk.domain.riotapi.service.RiotApiService.getRiotApiRequest(RiotApiService.java:230)
	at statikk.domain.riotapi.service.RiotApiService.getRiotApiRequest(RiotApiService.java:254)
	at statikk.domain.riotapi.service.RiotApiService.getRiotApiRequest(RiotApiService.java:219)
	at statikk.domain.riotapi.service.RiotApiService.getRecentGames(RiotApiService.java:117)
	at statikk.dataminer.service.MatchMiningService.mineMatches(MatchMiningService.java:78)
	at statikk.dataminer.DataMinerApplication.run(DataMinerApplication.java:44)
	at org.springframework.boot.SpringApplication.callRunner(SpringApplication.java:732)
	at org.springframework.boot.SpringApplication.callRunners(SpringApplication.java:716)
	at org.springframework.boot.SpringApplication.afterRefresh(SpringApplication.java:703)
	at org.springframework.boot.SpringApplication.run(SpringApplication.java:304)
	at statikk.dataminer.DataMinerApplication.main(DataMinerApplication.java:20)
	at sun.reflect.NativeMethodAccessorImpl.invoke0(Native Method)
	at sun.reflect.NativeMethodAccessorImpl.invoke(NativeMethodAccessorImpl.java:62)
	at sun.reflect.DelegatingMethodAccessorImpl.invoke(DelegatingMethodAccessorImpl.java:43)
	at java.lang.reflect.Method.invoke(Method.java:497)
	at org.springframework.boot.devtools.restart.RestartLauncher.run(RestartLauncher.java:49)
22:44:02.805 [restartedMain] ERROR s.d.riotapi.service.RiotApiService - Client exception fetching data from https://na1.api.riotgames.com/lol/match/v3/matchlists/by-account/82981784/recent?api_key=RGAPI-a4c01414-0204-4079-a410-7be80bd19180.
org.springframework.web.client.HttpClientErrorException: 404 Not Found
	at org.springframework.web.client.DefaultResponseErrorHandler.handleError(DefaultResponseErrorHandler.java:78)
	at org.springframework.web.client.RestTemplate.handleResponse(RestTemplate.java:700)
	at org.springframework.web.client.RestTemplate.doExecute(RestTemplate.java:653)
	at org.springframework.web.client.RestTemplate.execute(RestTemplate.java:613)
	at org.springframework.web.client.RestTemplate.exchange(RestTemplate.java:559)
	at statikk.domain.riotapi.service.RiotApiService.getRiotApiRequest(RiotApiService.java:230)
	at statikk.domain.riotapi.service.RiotApiService.getRiotApiRequest(RiotApiService.java:219)
	at statikk.domain.riotapi.service.RiotApiService.getRecentGames(RiotApiService.java:117)
	at statikk.dataminer.service.MatchMiningService.mineMatches(MatchMiningService.java:78)
	at statikk.dataminer.DataMinerApplication.run(DataMinerApplication.java:44)
	at org.springframework.boot.SpringApplication.callRunner(SpringApplication.java:732)
	at org.springframework.boot.SpringApplication.callRunners(SpringApplication.java:716)
	at org.springframework.boot.SpringApplication.afterRefresh(SpringApplication.java:703)
	at org.springframework.boot.SpringApplication.run(SpringApplication.java:304)
	at statikk.dataminer.DataMinerApplication.main(DataMinerApplication.java:20)
	at sun.reflect.NativeMethodAccessorImpl.invoke0(Native Method)
	at sun.reflect.NativeMethodAccessorImpl.invoke(NativeMethodAccessorImpl.java:62)
	at sun.reflect.DelegatingMethodAccessorImpl.invoke(DelegatingMethodAccessorImpl.java:43)
	at java.lang.reflect.Method.invoke(Method.java:497)
	at org.springframework.boot.devtools.restart.RestartLauncher.run(RestartLauncher.java:49)
22:44:03.193 [restartedMain] ERROR s.d.riotapi.service.RiotApiService - Client exception fetching data from https://na1.api.riotgames.com/lol/match/v3/matchlists/by-account/82981784/recent?api_key=RGAPI-a4c01414-0204-4079-a410-7be80bd19180.
org.springframework.web.client.HttpClientErrorException: 404 Not Found
	at org.springframework.web.client.DefaultResponseErrorHandler.handleError(DefaultResponseErrorHandler.java:78)
	at org.springframework.web.client.RestTemplate.handleResponse(RestTemplate.java:700)
	at org.springframework.web.client.RestTemplate.doExecute(RestTemplate.java:653)
	at org.springframework.web.client.RestTemplate.execute(RestTemplate.java:613)
	at org.springframework.web.client.RestTemplate.exchange(RestTemplate.java:559)
	at statikk.domain.riotapi.service.RiotApiService.getRiotApiRequest(RiotApiService.java:230)
	at statikk.domain.riotapi.service.RiotApiService.getRiotApiRequest(RiotApiService.java:254)
	at statikk.domain.riotapi.service.RiotApiService.getRiotApiRequest(RiotApiService.java:219)
	at statikk.domain.riotapi.service.RiotApiService.getRecentGames(RiotApiService.java:117)
	at statikk.dataminer.service.MatchMiningService.mineMatches(MatchMiningService.java:78)
	at statikk.dataminer.DataMinerApplication.run(DataMinerApplication.java:44)
	at org.springframework.boot.SpringApplication.callRunner(SpringApplication.java:732)
	at org.springframework.boot.SpringApplication.callRunners(SpringApplication.java:716)
	at org.springframework.boot.SpringApplication.afterRefresh(SpringApplication.java:703)
	at org.springframework.boot.SpringApplication.run(SpringApplication.java:304)
	at statikk.dataminer.DataMinerApplication.main(DataMinerApplication.java:20)
	at sun.reflect.NativeMethodAccessorImpl.invoke0(Native Method)
	at sun.reflect.NativeMethodAccessorImpl.invoke(NativeMethodAccessorImpl.java:62)
	at sun.reflect.DelegatingMethodAccessorImpl.invoke(DelegatingMethodAccessorImpl.java:43)
	at java.lang.reflect.Method.invoke(Method.java:497)
	at org.springframework.boot.devtools.restart.RestartLauncher.run(RestartLauncher.java:49)
